{"total": {"lines":{"total":69,"covered":68,"skipped":0,"pct":98.55},"statements":{"total":75,"covered":74,"skipped":0,"pct":98.66},"functions":{"total":32,"covered":32,"skipped":0,"pct":100},"branches":{"total":14,"covered":13,"skipped":0,"pct":92.85},"branchesTrue":{"total":0,"covered":0,"skipped":0,"pct":100}}
,"/home/guilherme/Área de Trabalho/projeto-star-wars/sd-029-b-project-starwars-planets-search/src/App.js": {"lines":{"total":1,"covered":1,"skipped":0,"pct":100},"functions":{"total":1,"covered":1,"skipped":0,"pct":100},"statements":{"total":1,"covered":1,"skipped":0,"pct":100},"branches":{"total":0,"covered":0,"skipped":0,"pct":100}}
,"/home/guilherme/Área de Trabalho/projeto-star-wars/sd-029-b-project-starwars-planets-search/src/components/ControlFilters.js": {"lines":{"total":10,"covered":10,"skipped":0,"pct":100},"functions":{"total":6,"covered":6,"skipped":0,"pct":100},"statements":{"total":10,"covered":10,"skipped":0,"pct":100},"branches":{"total":6,"covered":6,"skipped":0,"pct":100}}
,"/home/guilherme/Área de Trabalho/projeto-star-wars/sd-029-b-project-starwars-planets-search/src/components/FormFilters.js": {"lines":{"total":1,"covered":1,"skipped":0,"pct":100},"functions":{"total":1,"covered":1,"skipped":0,"pct":100},"statements":{"total":1,"covered":1,"skipped":0,"pct":100},"branches":{"total":0,"covered":0,"skipped":0,"pct":100}}
,"/home/guilherme/Área de Trabalho/projeto-star-wars/sd-029-b-project-starwars-planets-search/src/components/NameSearch.js": {"lines":{"total":3,"covered":3,"skipped":0,"pct":100},"functions":{"total":2,"covered":2,"skipped":0,"pct":100},"statements":{"total":3,"covered":3,"skipped":0,"pct":100},"branches":{"total":0,"covered":0,"skipped":0,"pct":100}}
,"/home/guilherme/Área de Trabalho/projeto-star-wars/sd-029-b-project-starwars-planets-search/src/components/NumberChoosed.js": {"lines":{"total":15,"covered":15,"skipped":0,"pct":100},"functions":{"total":10,"covered":10,"skipped":0,"pct":100},"statements":{"total":18,"covered":18,"skipped":0,"pct":100},"branches":{"total":0,"covered":0,"skipped":0,"pct":100}}
,"/home/guilherme/Área de Trabalho/projeto-star-wars/sd-029-b-project-starwars-planets-search/src/components/Table.js": {"lines":{"total":23,"covered":22,"skipped":0,"pct":95.65},"functions":{"total":7,"covered":7,"skipped":0,"pct":100},"statements":{"total":26,"covered":25,"skipped":0,"pct":96.15},"branches":{"total":8,"covered":7,"skipped":0,"pct":87.5}}
,"/home/guilherme/Área de Trabalho/projeto-star-wars/sd-029-b-project-starwars-planets-search/src/context/contextApi.js": {"lines":{"total":1,"covered":1,"skipped":0,"pct":100},"functions":{"total":0,"covered":0,"skipped":0,"pct":100},"statements":{"total":1,"covered":1,"skipped":0,"pct":100},"branches":{"total":0,"covered":0,"skipped":0,"pct":100}}
,"/home/guilherme/Área de Trabalho/projeto-star-wars/sd-029-b-project-starwars-planets-search/src/context/contextProvider.js": {"lines":{"total":14,"covered":14,"skipped":0,"pct":100},"functions":{"total":5,"covered":5,"skipped":0,"pct":100},"statements":{"total":14,"covered":14,"skipped":0,"pct":100},"branches":{"total":0,"covered":0,"skipped":0,"pct":100}}
,"/home/guilherme/Área de Trabalho/projeto-star-wars/sd-029-b-project-starwars-planets-search/src/tests/mock/mockData.js": {"lines":{"total":1,"covered":1,"skipped":0,"pct":100},"functions":{"total":0,"covered":0,"skipped":0,"pct":100},"statements":{"total":1,"covered":1,"skipped":0,"pct":100},"branches":{"total":0,"covered":0,"skipped":0,"pct":100}}
}
