{"/home/guilherme/Área de Trabalho/projeto-star-wars/sd-029-b-project-starwars-planets-search/src/App.js": {"path":"/home/guilherme/Área de Trabalho/projeto-star-wars/sd-029-b-project-starwars-planets-search/src/App.js","statementMap":{"0":{"start":{"line":8,"column":2},"end":{"line":13,"column":4}}},"fnMap":{"0":{"name":"App","decl":{"start":{"line":7,"column":9},"end":{"line":7,"column":12}},"loc":{"start":{"line":7,"column":15},"end":{"line":14,"column":1}},"line":7}},"branchMap":{},"s":{"0":14},"f":{"0":14},"b":{},"_coverageSchema":"1a1c01bbd47fc00a2c39e90264f33305004495a9","hash":"5b8a8d9d13934a390b04f2a77ad2a99d075066af"}
,"/home/guilherme/Área de Trabalho/projeto-star-wars/sd-029-b-project-starwars-planets-search/src/components/ControlFilters.js": {"path":"/home/guilherme/Área de Trabalho/projeto-star-wars/sd-029-b-project-starwars-planets-search/src/components/ControlFilters.js","statementMap":{"0":{"start":{"line":9,"column":6},"end":{"line":9,"column":30}},"1":{"start":{"line":11,"column":23},"end":{"line":23,"column":3}},"2":{"start":{"line":12,"column":4},"end":{"line":16,"column":7}},"3":{"start":{"line":15,"column":28},"end":{"line":15,"column":52}},"4":{"start":{"line":17,"column":4},"end":{"line":22,"column":5}},"5":{"start":{"line":18,"column":6},"end":{"line":21,"column":9}},"6":{"start":{"line":25,"column":2},"end":{"line":52,"column":4}},"7":{"start":{"line":29,"column":10},"end":{"line":37,"column":15}},"8":{"start":{"line":33,"column":30},"end":{"line":33,"column":50}},"9":{"start":{"line":44,"column":28},"end":{"line":44,"column":54}}},"fnMap":{"0":{"name":"ControlFilters","decl":{"start":{"line":4,"column":9},"end":{"line":4,"column":23}},"loc":{"start":{"line":4,"column":26},"end":{"line":53,"column":1}},"line":4},"1":{"name":"(anonymous_1)","decl":{"start":{"line":11,"column":23},"end":{"line":11,"column":24}},"loc":{"start":{"line":11,"column":35},"end":{"line":23,"column":3}},"line":11},"2":{"name":"(anonymous_2)","decl":{"start":{"line":15,"column":16},"end":{"line":15,"column":17}},"loc":{"start":{"line":15,"column":28},"end":{"line":15,"column":52}},"line":15},"3":{"name":"(anonymous_3)","decl":{"start":{"line":28,"column":37},"end":{"line":28,"column":38}},"loc":{"start":{"line":29,"column":10},"end":{"line":37,"column":15}},"line":29},"4":{"name":"(anonymous_4)","decl":{"start":{"line":33,"column":24},"end":{"line":33,"column":25}},"loc":{"start":{"line":33,"column":30},"end":{"line":33,"column":50}},"line":33},"5":{"name":"(anonymous_5)","decl":{"start":{"line":44,"column":22},"end":{"line":44,"column":23}},"loc":{"start":{"line":44,"column":28},"end":{"line":44,"column":54}},"line":44}},"branchMap":{"0":{"loc":{"start":{"line":17,"column":4},"end":{"line":22,"column":5}},"type":"if","locations":[{"start":{"line":17,"column":4},"end":{"line":22,"column":5}},{"start":{},"end":{}}],"line":17},"1":{"loc":{"start":{"line":27,"column":8},"end":{"line":38,"column":10}},"type":"binary-expr","locations":[{"start":{"line":27,"column":8},"end":{"line":27,"column":29}},{"start":{"line":28,"column":11},"end":{"line":38,"column":10}}],"line":27},"2":{"loc":{"start":{"line":39,"column":8},"end":{"line":50,"column":7}},"type":"binary-expr","locations":[{"start":{"line":39,"column":8},"end":{"line":39,"column":40}},{"start":{"line":40,"column":8},"end":{"line":49,"column":13}}],"line":39}},"s":{"0":61,"1":61,"2":3,"3":6,"4":3,"5":1,"6":61,"7":44,"8":2,"9":1},"f":{"0":61,"1":3,"2":6,"3":44,"4":2,"5":1},"b":{"0":[1,2],"1":[61,61],"2":[61,30]},"_coverageSchema":"1a1c01bbd47fc00a2c39e90264f33305004495a9","hash":"59682effb503e8779ce2d2cab2878023b5fcef5c"}
,"/home/guilherme/Área de Trabalho/projeto-star-wars/sd-029-b-project-starwars-planets-search/src/components/FormFilters.js": {"path":"/home/guilherme/Área de Trabalho/projeto-star-wars/sd-029-b-project-starwars-planets-search/src/components/FormFilters.js","statementMap":{"0":{"start":{"line":6,"column":2},"end":{"line":11,"column":4}}},"fnMap":{"0":{"name":"FormFilters","decl":{"start":{"line":5,"column":9},"end":{"line":5,"column":20}},"loc":{"start":{"line":5,"column":23},"end":{"line":12,"column":1}},"line":5}},"branchMap":{},"s":{"0":14},"f":{"0":14},"b":{},"_coverageSchema":"1a1c01bbd47fc00a2c39e90264f33305004495a9","hash":"2bad5088a1cafeb119ea5c9a213bc1b1781f9e7c"}
,"/home/guilherme/Área de Trabalho/projeto-star-wars/sd-029-b-project-starwars-planets-search/src/components/NameSearch.js": {"path":"/home/guilherme/Área de Trabalho/projeto-star-wars/sd-029-b-project-starwars-planets-search/src/components/NameSearch.js","statementMap":{"0":{"start":{"line":8,"column":6},"end":{"line":8,"column":30}},"1":{"start":{"line":10,"column":2},"end":{"line":20,"column":4}},"2":{"start":{"line":15,"column":33},"end":{"line":17,"column":8}}},"fnMap":{"0":{"name":"NameSearch","decl":{"start":{"line":4,"column":9},"end":{"line":4,"column":19}},"loc":{"start":{"line":4,"column":22},"end":{"line":21,"column":1}},"line":4},"1":{"name":"(anonymous_1)","decl":{"start":{"line":15,"column":17},"end":{"line":15,"column":18}},"loc":{"start":{"line":15,"column":33},"end":{"line":17,"column":8}},"line":15}},"branchMap":{},"s":{"0":38,"1":38,"2":1},"f":{"0":38,"1":1},"b":{},"_coverageSchema":"1a1c01bbd47fc00a2c39e90264f33305004495a9","hash":"548911adaa930f74dc00be20b021c411dfc26c0f"}
,"/home/guilherme/Área de Trabalho/projeto-star-wars/sd-029-b-project-starwars-planets-search/src/components/NumberChoosed.js": {"path":"/home/guilherme/Área de Trabalho/projeto-star-wars/sd-029-b-project-starwars-planets-search/src/components/NumberChoosed.js","statementMap":{"0":{"start":{"line":10,"column":6},"end":{"line":10,"column":30}},"1":{"start":{"line":12,"column":42},"end":{"line":16,"column":4}},"2":{"start":{"line":18,"column":23},"end":{"line":20,"column":4}},"3":{"start":{"line":18,"column":39},"end":{"line":20,"column":4}},"4":{"start":{"line":22,"column":35},"end":{"line":31,"column":3}},"5":{"start":{"line":23,"column":23},"end":{"line":28,"column":22}},"6":{"start":{"line":29,"column":28},"end":{"line":29,"column":80}},"7":{"start":{"line":29,"column":66},"end":{"line":29,"column":79}},"8":{"start":{"line":30,"column":4},"end":{"line":30,"column":76}},"9":{"start":{"line":30,"column":41},"end":{"line":30,"column":74}},"10":{"start":{"line":33,"column":23},"end":{"line":45,"column":3}},"11":{"start":{"line":34,"column":4},"end":{"line":39,"column":7}},"12":{"start":{"line":40,"column":4},"end":{"line":44,"column":7}},"13":{"start":{"line":47,"column":2},"end":{"line":90,"column":4}},"14":{"start":{"line":51,"column":26},"end":{"line":51,"column":41}},"15":{"start":{"line":56,"column":12},"end":{"line":61,"column":21}},"16":{"start":{"line":67,"column":26},"end":{"line":67,"column":41}},"17":{"start":{"line":78,"column":26},"end":{"line":78,"column":41}}},"fnMap":{"0":{"name":"NumberChoosed","decl":{"start":{"line":5,"column":9},"end":{"line":5,"column":22}},"loc":{"start":{"line":5,"column":25},"end":{"line":91,"column":1}},"line":5},"1":{"name":"(anonymous_1)","decl":{"start":{"line":18,"column":23},"end":{"line":18,"column":24}},"loc":{"start":{"line":18,"column":39},"end":{"line":20,"column":4}},"line":18},"2":{"name":"(anonymous_2)","decl":{"start":{"line":22,"column":35},"end":{"line":22,"column":36}},"loc":{"start":{"line":22,"column":41},"end":{"line":31,"column":3}},"line":22},"3":{"name":"(anonymous_3)","decl":{"start":{"line":29,"column":54},"end":{"line":29,"column":55}},"loc":{"start":{"line":29,"column":66},"end":{"line":29,"column":79}},"line":29},"4":{"name":"(anonymous_4)","decl":{"start":{"line":30,"column":29},"end":{"line":30,"column":30}},"loc":{"start":{"line":30,"column":41},"end":{"line":30,"column":74}},"line":30},"5":{"name":"(anonymous_5)","decl":{"start":{"line":33,"column":23},"end":{"line":33,"column":24}},"loc":{"start":{"line":33,"column":29},"end":{"line":45,"column":3}},"line":33},"6":{"name":"(anonymous_6)","decl":{"start":{"line":51,"column":19},"end":{"line":51,"column":20}},"loc":{"start":{"line":51,"column":26},"end":{"line":51,"column":41}},"line":51},"7":{"name":"(anonymous_7)","decl":{"start":{"line":55,"column":41},"end":{"line":55,"column":42}},"loc":{"start":{"line":56,"column":12},"end":{"line":61,"column":21}},"line":56},"8":{"name":"(anonymous_8)","decl":{"start":{"line":67,"column":19},"end":{"line":67,"column":20}},"loc":{"start":{"line":67,"column":26},"end":{"line":67,"column":41}},"line":67},"9":{"name":"(anonymous_9)","decl":{"start":{"line":78,"column":19},"end":{"line":78,"column":20}},"loc":{"start":{"line":78,"column":26},"end":{"line":78,"column":41}},"line":78}},"branchMap":{},"s":{"0":61,"1":61,"2":61,"3":23,"4":61,"5":73,"6":73,"7":50,"8":73,"9":365,"10":61,"11":12,"12":12,"13":61,"14":11,"15":261,"16":11,"17":1},"f":{"0":61,"1":23,"2":73,"3":50,"4":365,"5":12,"6":11,"7":261,"8":11,"9":1},"b":{},"_coverageSchema":"1a1c01bbd47fc00a2c39e90264f33305004495a9","hash":"569c9f1de5d4f8f8a3c2ab66c93526d32a355e54"}
,"/home/guilherme/Área de Trabalho/projeto-star-wars/sd-029-b-project-starwars-planets-search/src/components/Table.js": {"path":"/home/guilherme/Área de Trabalho/projeto-star-wars/sd-029-b-project-starwars-planets-search/src/components/Table.js","statementMap":{"0":{"start":{"line":8,"column":6},"end":{"line":8,"column":30}},"1":{"start":{"line":10,"column":26},"end":{"line":15,"column":3}},"2":{"start":{"line":13,"column":24},"end":{"line":13,"column":71}},"3":{"start":{"line":14,"column":4},"end":{"line":14,"column":34}},"4":{"start":{"line":17,"column":29},"end":{"line":38,"column":3}},"5":{"start":{"line":18,"column":28},"end":{"line":18,"column":64}},"6":{"start":{"line":19,"column":4},"end":{"line":19,"column":43}},"7":{"start":{"line":19,"column":31},"end":{"line":19,"column":43}},"8":{"start":{"line":20,"column":35},"end":{"line":20,"column":37}},"9":{"start":{"line":21,"column":4},"end":{"line":36,"column":5}},"10":{"start":{"line":21,"column":21},"end":{"line":21,"column":22}},"11":{"start":{"line":22,"column":44},"end":{"line":22,"column":80}},"12":{"start":{"line":23,"column":6},"end":{"line":35,"column":7}},"13":{"start":{"line":25,"column":8},"end":{"line":25,"column":62}},"14":{"start":{"line":26,"column":8},"end":{"line":26,"column":14}},"15":{"start":{"line":28,"column":8},"end":{"line":28,"column":62}},"16":{"start":{"line":29,"column":8},"end":{"line":29,"column":14}},"17":{"start":{"line":31,"column":8},"end":{"line":31,"column":64}},"18":{"start":{"line":32,"column":8},"end":{"line":32,"column":14}},"19":{"start":{"line":34,"column":8},"end":{"line":34,"column":21}},"20":{"start":{"line":37,"column":4},"end":{"line":37,"column":52}},"21":{"start":{"line":37,"column":48},"end":{"line":37,"column":50}},"22":{"start":{"line":40,"column":2},"end":{"line":100,"column":4}},"23":{"start":{"line":62,"column":32},"end":{"line":62,"column":55}},"24":{"start":{"line":63,"column":32},"end":{"line":63,"column":58}},"25":{"start":{"line":79,"column":14},"end":{"line":93,"column":19}}},"fnMap":{"0":{"name":"Table","decl":{"start":{"line":4,"column":9},"end":{"line":4,"column":14}},"loc":{"start":{"line":4,"column":17},"end":{"line":101,"column":1}},"line":4},"1":{"name":"(anonymous_1)","decl":{"start":{"line":10,"column":26},"end":{"line":10,"column":27}},"loc":{"start":{"line":12,"column":8},"end":{"line":15,"column":3}},"line":12},"2":{"name":"(anonymous_2)","decl":{"start":{"line":17,"column":29},"end":{"line":17,"column":30}},"loc":{"start":{"line":17,"column":41},"end":{"line":38,"column":3}},"line":17},"3":{"name":"(anonymous_3)","decl":{"start":{"line":37,"column":40},"end":{"line":37,"column":41}},"loc":{"start":{"line":37,"column":48},"end":{"line":37,"column":50}},"line":37},"4":{"name":"(anonymous_4)","decl":{"start":{"line":62,"column":20},"end":{"line":62,"column":21}},"loc":{"start":{"line":62,"column":32},"end":{"line":62,"column":55}},"line":62},"5":{"name":"(anonymous_5)","decl":{"start":{"line":63,"column":20},"end":{"line":63,"column":21}},"loc":{"start":{"line":63,"column":32},"end":{"line":63,"column":58}},"line":63},"6":{"name":"(anonymous_6)","decl":{"start":{"line":64,"column":17},"end":{"line":64,"column":18}},"loc":{"start":{"line":79,"column":14},"end":{"line":93,"column":19}},"line":79}},"branchMap":{"0":{"loc":{"start":{"line":19,"column":4},"end":{"line":19,"column":43}},"type":"if","locations":[{"start":{"line":19,"column":4},"end":{"line":19,"column":43}},{"start":{},"end":{}}],"line":19},"1":{"loc":{"start":{"line":23,"column":6},"end":{"line":35,"column":7}},"type":"switch","locations":[{"start":{"line":24,"column":6},"end":{"line":26,"column":14}},{"start":{"line":27,"column":6},"end":{"line":29,"column":14}},{"start":{"line":30,"column":6},"end":{"line":32,"column":14}},{"start":{"line":33,"column":6},"end":{"line":34,"column":21}}],"line":23},"2":{"loc":{"start":{"line":61,"column":12},"end":{"line":94,"column":14}},"type":"binary-expr","locations":[{"start":{"line":61,"column":12},"end":{"line":61,"column":16}},{"start":{"line":61,"column":20},"end":{"line":94,"column":14}}],"line":61}},"s":{"0":38,"1":38,"2":80,"3":80,"4":38,"5":77,"6":77,"7":10,"8":67,"9":67,"10":67,"11":87,"12":87,"13":57,"14":57,"15":10,"16":10,"17":20,"18":20,"19":0,"20":67,"21":67,"22":38,"23":80,"24":77,"25":53},"f":{"0":38,"1":80,"2":77,"3":67,"4":80,"5":77,"6":53},"b":{"0":[10,67],"1":[57,10,20,0],"2":[38,38]},"_coverageSchema":"1a1c01bbd47fc00a2c39e90264f33305004495a9","hash":"b445e35c3a44477600f60d2414ac05cfbda722d5"}
,"/home/guilherme/Área de Trabalho/projeto-star-wars/sd-029-b-project-starwars-planets-search/src/context/contextApi.js": {"path":"/home/guilherme/Área de Trabalho/projeto-star-wars/sd-029-b-project-starwars-planets-search/src/context/contextApi.js","statementMap":{"0":{"start":{"line":3,"column":21},"end":{"line":3,"column":36}}},"fnMap":{},"branchMap":{},"s":{"0":3},"f":{},"b":{},"_coverageSchema":"1a1c01bbd47fc00a2c39e90264f33305004495a9","hash":"9d54c3995ca8635daa0c0b2f2f8aba08344b77f8"}
,"/home/guilherme/Área de Trabalho/projeto-star-wars/sd-029-b-project-starwars-planets-search/src/context/contextProvider.js": {"path":"/home/guilherme/Área de Trabalho/projeto-star-wars/sd-029-b-project-starwars-planets-search/src/context/contextProvider.js","statementMap":{"0":{"start":{"line":7,"column":26},"end":{"line":7,"column":38}},"1":{"start":{"line":8,"column":32},"end":{"line":11,"column":4}},"2":{"start":{"line":13,"column":2},"end":{"line":26,"column":9}},"3":{"start":{"line":15,"column":23},"end":{"line":15,"column":67}},"4":{"start":{"line":16,"column":27},"end":{"line":16,"column":48}},"5":{"start":{"line":17,"column":38},"end":{"line":20,"column":8}},"6":{"start":{"line":18,"column":48},"end":{"line":18,"column":54}},"7":{"start":{"line":19,"column":8},"end":{"line":19,"column":29}},"8":{"start":{"line":21,"column":6},"end":{"line":23,"column":9}},"9":{"start":{"line":22,"column":8},"end":{"line":22,"column":41}},"10":{"start":{"line":25,"column":4},"end":{"line":25,"column":16}},"11":{"start":{"line":28,"column":23},"end":{"line":32,"column":3}},"12":{"start":{"line":34,"column":2},"end":{"line":38,"column":4}},"13":{"start":{"line":41,"column":0},"end":{"line":43,"column":13}}},"fnMap":{"0":{"name":"Provider","decl":{"start":{"line":6,"column":9},"end":{"line":6,"column":17}},"loc":{"start":{"line":6,"column":32},"end":{"line":39,"column":1}},"line":6},"1":{"name":"(anonymous_1)","decl":{"start":{"line":13,"column":12},"end":{"line":13,"column":13}},"loc":{"start":{"line":13,"column":18},"end":{"line":26,"column":3}},"line":13},"2":{"name":"fetchData","decl":{"start":{"line":14,"column":19},"end":{"line":14,"column":28}},"loc":{"start":{"line":14,"column":31},"end":{"line":24,"column":5}},"line":14},"3":{"name":"(anonymous_3)","decl":{"start":{"line":17,"column":63},"end":{"line":17,"column":64}},"loc":{"start":{"line":17,"column":75},"end":{"line":20,"column":7}},"line":17},"4":{"name":"(anonymous_4)","decl":{"start":{"line":21,"column":10},"end":{"line":21,"column":11}},"loc":{"start":{"line":21,"column":16},"end":{"line":23,"column":7}},"line":21}},"branchMap":{},"s":{"0":38,"1":38,"2":38,"3":14,"4":8,"5":8,"6":80,"7":80,"8":8,"9":8,"10":14,"11":38,"12":38,"13":3},"f":{"0":38,"1":14,"2":14,"3":80,"4":8},"b":{},"_coverageSchema":"1a1c01bbd47fc00a2c39e90264f33305004495a9","hash":"83b8ca142e99e2ab032181b457f9057b61ad000b"}
,"/home/guilherme/Área de Trabalho/projeto-star-wars/sd-029-b-project-starwars-planets-search/src/tests/mock/mockData.js": {"path":"/home/guilherme/Área de Trabalho/projeto-star-wars/sd-029-b-project-starwars-planets-search/src/tests/mock/mockData.js","statementMap":{"0":{"start":{"line":1,"column":24},"end":{"line":239,"column":1}}},"fnMap":{},"branchMap":{},"s":{"0":1},"f":{},"b":{},"_coverageSchema":"1a1c01bbd47fc00a2c39e90264f33305004495a9","hash":"82cf242b0540972920a3e432f69b3968a817ee7d"}
}
