TN:
SF:src/App.js
FN:7,App
FNF:1
FNH:1
FNDA:14,App
DA:8,14
LF:1
LH:1
BRF:0
BRH:0
end_of_record
TN:
SF:src/components/ControlFilters.js
FN:4,ControlFilters
FN:11,(anonymous_1)
FN:15,(anonymous_2)
FN:28,(anonymous_3)
FN:33,(anonymous_4)
FN:44,(anonymous_5)
FNF:6
FNH:6
FNDA:61,ControlFilters
FNDA:3,(anonymous_1)
FNDA:6,(anonymous_2)
FNDA:44,(anonymous_3)
FNDA:2,(anonymous_4)
FNDA:1,(anonymous_5)
DA:9,61
DA:11,61
DA:12,3
DA:15,6
DA:17,3
DA:18,1
DA:25,61
DA:29,44
DA:33,2
DA:44,1
LF:10
LH:10
BRDA:17,0,0,1
BRDA:17,0,1,2
BRDA:27,1,0,61
BRDA:27,1,1,61
BRDA:39,2,0,61
BRDA:39,2,1,30
BRF:6
BRH:6
end_of_record
TN:
SF:src/components/FormFilters.js
FN:5,FormFilters
FNF:1
FNH:1
FNDA:14,FormFilters
DA:6,14
LF:1
LH:1
BRF:0
BRH:0
end_of_record
TN:
SF:src/components/NameSearch.js
FN:4,NameSearch
FN:15,(anonymous_1)
FNF:2
FNH:2
FNDA:38,NameSearch
FNDA:1,(anonymous_1)
DA:8,38
DA:10,38
DA:15,1
LF:3
LH:3
BRF:0
BRH:0
end_of_record
TN:
SF:src/components/NumberChoosed.js
FN:5,NumberChoosed
FN:18,(anonymous_1)
FN:22,(anonymous_2)
FN:29,(anonymous_3)
FN:30,(anonymous_4)
FN:33,(anonymous_5)
FN:51,(anonymous_6)
FN:55,(anonymous_7)
FN:67,(anonymous_8)
FN:78,(anonymous_9)
FNF:10
FNH:10
FNDA:61,NumberChoosed
FNDA:23,(anonymous_1)
FNDA:73,(anonymous_2)
FNDA:50,(anonymous_3)
FNDA:365,(anonymous_4)
FNDA:12,(anonymous_5)
FNDA:11,(anonymous_6)
FNDA:261,(anonymous_7)
FNDA:11,(anonymous_8)
FNDA:1,(anonymous_9)
DA:10,61
DA:12,61
DA:18,61
DA:22,61
DA:23,73
DA:29,73
DA:30,365
DA:33,61
DA:34,12
DA:40,12
DA:47,61
DA:51,11
DA:56,261
DA:67,11
DA:78,1
LF:15
LH:15
BRF:0
BRH:0
end_of_record
TN:
SF:src/components/Table.js
FN:4,Table
FN:10,(anonymous_1)
FN:17,(anonymous_2)
FN:37,(anonymous_3)
FN:62,(anonymous_4)
FN:63,(anonymous_5)
FN:64,(anonymous_6)
FNF:7
FNH:7
FNDA:38,Table
FNDA:80,(anonymous_1)
FNDA:77,(anonymous_2)
FNDA:67,(anonymous_3)
FNDA:80,(anonymous_4)
FNDA:77,(anonymous_5)
FNDA:53,(anonymous_6)
DA:8,38
DA:10,38
DA:13,80
DA:14,80
DA:17,38
DA:18,77
DA:19,77
DA:20,67
DA:21,67
DA:22,87
DA:23,87
DA:25,57
DA:26,57
DA:28,10
DA:29,10
DA:31,20
DA:32,20
DA:34,0
DA:37,67
DA:40,38
DA:62,80
DA:63,77
DA:79,53
LF:23
LH:22
BRDA:19,0,0,10
BRDA:19,0,1,67
BRDA:23,1,0,57
BRDA:23,1,1,10
BRDA:23,1,2,20
BRDA:23,1,3,0
BRDA:61,2,0,38
BRDA:61,2,1,38
BRF:8
BRH:7
end_of_record
TN:
SF:src/context/contextApi.js
FNF:0
FNH:0
DA:3,3
LF:1
LH:1
BRF:0
BRH:0
end_of_record
TN:
SF:src/context/contextProvider.js
FN:6,Provider
FN:13,(anonymous_1)
FN:14,fetchData
FN:17,(anonymous_3)
FN:21,(anonymous_4)
FNF:5
FNH:5
FNDA:38,Provider
FNDA:14,(anonymous_1)
FNDA:14,fetchData
FNDA:80,(anonymous_3)
FNDA:8,(anonymous_4)
DA:7,38
DA:8,38
DA:13,38
DA:15,14
DA:16,8
DA:17,8
DA:18,80
DA:19,80
DA:21,8
DA:22,8
DA:25,14
DA:28,38
DA:34,38
DA:41,3
LF:14
LH:14
BRF:0
BRH:0
end_of_record
TN:
SF:src/tests/mock/mockData.js
FNF:0
FNH:0
DA:1,1
LF:1
LH:1
BRF:0
BRH:0
end_of_record
